# JRE version: Java(TM) SE Runtime Environment (8.0_221-b11) (build 1.8.0_221-b11)
# Java VM: Java HotSpot(TM) 64-Bit Server VM (25.221-b11 mixed mode windows-amd64 compressed oops)
Heap:
 PSYoungGen      total 71680K, used 40919K [0x000000076bb80000, 0x0000000770e00000, 0x00000007c0000000)
  eden space 61952K, 51% used [0x000000076bb80000,0x000000076daa0488,0x000000076f800000)
  from space 9728K, 92% used [0x0000000770480000,0x0000000770d55888,0x0000000770e00000)
  to   space 11264K, 0% used [0x000000076f800000,0x000000076f800000,0x0000000770300000)
 ParOldGen       total 173568K, used 1324K [0x00000006c3200000, 0x00000006cdb80000, 0x000000076bb80000)
  object space 173568K, 0% used [0x00000006c3200000,0x00000006c334b068,0x00000006cdb80000)
 Metaspace       used 19467K, capacity 20316K, committed 20608K, reserved 1067008K
  class space    used 2375K, capacity 2606K, committed 2688K, reserved 1048576K
GC Heap History (10 events):
Event: 18.430 GC heap before
{Heap before GC invocations=2 (full 0):
 PSYoungGen      total 75776K, used 70395K [0x000000076bb80000, 0x0000000771000000, 0x00000007c0000000)
  eden space 65024K, 100% used [0x000000076bb80000,0x000000076fb00000,0x000000076fb00000)
  from space 10752K, 49% used [0x000000076fb00000,0x000000077003ed58,0x0000000770580000)
  to   space 10752K, 0% used [0x0000000770580000,0x0000000770580000,0x0000000771000000)
 ParOldGen       total 173568K, used 16K [0x00000006c3200000, 0x00000006cdb80000, 0x000000076bb80000)
  object space 173568K, 0% used [0x00000006c3200000,0x00000006c3204000,0x00000006cdb80000)
 Metaspace       used 18401K, capacity 19086K, committed 19200K, reserved 1067008K
  class space    used 2325K, capacity 2511K, committed 2560K, reserved 1048576K
Event: 18.442 GC heap after
Heap after GC invocations=2 (full 0):
 PSYoungGen      total 75776K, used 10736K [0x000000076bb80000, 0x0000000771000000, 0x00000007c0000000)
  eden space 65024K, 0% used [0x000000076bb80000,0x000000076bb80000,0x000000076fb00000)
  from space 10752K, 99% used [0x0000000770580000,0x0000000770ffc328,0x0000000771000000)
  to   space 10752K, 0% used [0x000000076fb00000,0x000000076fb00000,0x0000000770580000)
 ParOldGen       total 173568K, used 1284K [0x00000006c3200000, 0x00000006cdb80000, 0x000000076bb80000)
  object space 173568K, 0% used [0x00000006c3200000,0x00000006c3341068,0x00000006cdb80000)
 Metaspace       used 18401K, capacity 19086K, committed 19200K, reserved 1067008K
  class space    used 2325K, capacity 2511K, committed 2560K, reserved 1048576K
}
Event: 44.514 GC heap before
{Heap before GC invocations=3 (full 0):
 PSYoungGen      total 75776K, used 75760K [0x000000076bb80000, 0x0000000771000000, 0x00000007c0000000)
  eden space 65024K, 100% used [0x000000076bb80000,0x000000076fb00000,0x000000076fb00000)
  from space 10752K, 99% used [0x0000000770580000,0x0000000770ffc328,0x0000000771000000)
  to   space 10752K, 0% used [0x000000076fb00000,0x000000076fb00000,0x0000000770580000)
 ParOldGen       total 173568K, used 1284K [0x00000006c3200000, 0x00000006cdb80000, 0x000000076bb80000)
  object space 173568K, 0% used [0x00000006c3200000,0x00000006c3341068,0x00000006cdb80000)
 Metaspace       used 18775K, capacity 19556K, committed 19712K, reserved 1067008K
  class space    used 2343K, capacity 2548K, committed 2560K, reserved 1048576K
Event: 44.522 GC heap after
Heap after GC invocations=3 (full 0):
 PSYoungGen      total 75776K, used 8836K [0x000000076bb80000, 0x0000000771000000, 0x00000007c0000000)
  eden space 65024K, 0% used [0x000000076bb80000,0x000000076bb80000,0x000000076fb00000)
  from space 10752K, 82% used [0x000000076fb00000,0x00000007703a13e8,0x0000000770580000)
  to   space 10752K, 0% used [0x0000000770580000,0x0000000770580000,0x0000000771000000)
 ParOldGen       total 173568K, used 1292K [0x00000006c3200000, 0x00000006cdb80000, 0x000000076bb80000)
  object space 173568K, 0% used [0x00000006c3200000,0x00000006c3343068,0x00000006cdb80000)
 Metaspace       used 18775K, capacity 19556K, committed 19712K, reserved 1067008K
  class space    used 2343K, capacity 2548K, committed 2560K, reserved 1048576K
}
Event: 96.135 GC heap before
{Heap before GC invocations=4 (full 0):
 PSYoungGen      total 75776K, used 73860K [0x000000076bb80000, 0x0000000771000000, 0x00000007c0000000)
  eden space 65024K, 100% used [0x000000076bb80000,0x000000076fb00000,0x000000076fb00000)
  from space 10752K, 82% used [0x000000076fb00000,0x00000007703a13e8,0x0000000770580000)
  to   space 10752K, 0% used [0x0000000770580000,0x0000000770580000,0x0000000771000000)
 ParOldGen       total 173568K, used 1292K [0x00000006c3200000, 0x00000006cdb80000, 0x000000076bb80000)
  object space 173568K, 0% used [0x00000006c3200000,0x00000006c3343068,0x00000006cdb80000)
 Metaspace       used 19015K, capacity 19792K, committed 19968K, reserved 1067008K
  class space    used 2345K, capacity 2552K, committed 2560K, reserved 1048576K
Event: 96.141 GC heap after
Heap after GC invocations=4 (full 0):
 PSYoungGen      total 75776K, used 8820K [0x000000076bb80000, 0x0000000771000000, 0x00000007c0000000)
  eden space 65024K, 0% used [0x000000076bb80000,0x000000076bb80000,0x000000076fb00000)
  from space 10752K, 82% used [0x0000000770580000,0x0000000770e1d3d8,0x0000000771000000)
  to   space 10752K, 0% used [0x000000076fb00000,0x000000076fb00000,0x0000000770580000)
 ParOldGen       total 173568K, used 1308K [0x00000006c3200000, 0x00000006cdb80000, 0x000000076bb80000)
  object space 173568K, 0% used [0x00000006c3200000,0x00000006c3347068,0x00000006cdb80000)
 Metaspace       used 19015K, capacity 19792K, committed 19968K, reserved 1067008K
  class space    used 2345K, capacity 2552K, committed 2560K, reserved 1048576K
}
Event: 207.437 GC heap before
{Heap before GC invocations=5 (full 0):
 PSYoungGen      total 75776K, used 73844K [0x000000076bb80000, 0x0000000771000000, 0x00000007c0000000)
  eden space 65024K, 100% used [0x000000076bb80000,0x000000076fb00000,0x000000076fb00000)
  from space 10752K, 82% used [0x0000000770580000,0x0000000770e1d3d8,0x0000000771000000)
  to   space 10752K, 0% used [0x000000076fb00000,0x000000076fb00000,0x0000000770580000)
 ParOldGen       total 173568K, used 1308K [0x00000006c3200000, 0x00000006cdb80000, 0x000000076bb80000)
  object space 173568K, 0% used [0x00000006c3200000,0x00000006c3347068,0x00000006cdb80000)
 Metaspace       used 19322K, capacity 20110K, committed 20352K, reserved 1067008K
  class space    used 2375K, capacity 2605K, committed 2688K, reserved 1048576K
Event: 207.443 GC heap after
Heap after GC invocations=5 (full 0):
 PSYoungGen      total 72704K, used 8977K [0x000000076bb80000, 0x0000000770f80000, 0x00000007c0000000)
  eden space 63488K, 0% used [0x000000076bb80000,0x000000076bb80000,0x000000076f980000)
  from space 9216K, 97% used [0x000000076fb00000,0x00000007703c4450,0x0000000770400000)
  to   space 11264K, 0% used [0x0000000770480000,0x0000000770480000,0x0000000770f80000)
 ParOldGen       total 173568K, used 1316K [0x00000006c3200000, 0x00000006cdb80000, 0x000000076bb80000)
  object space 173568K, 0% used [0x00000006c3200000,0x00000006c3349068,0x00000006cdb80000)
 Metaspace       used 19322K, capacity 20110K, committed 20352K, reserved 1067008K
  class space    used 2375K, capacity 2605K, committed 2688K, reserved 1048576K
}
Event: 238.463 GC heap before
{Heap before GC invocations=6 (full 0):
 PSYoungGen      total 72704K, used 72465K [0x000000076bb80000, 0x0000000770f80000, 0x00000007c0000000)
  eden space 63488K, 100% used [0x000000076bb80000,0x000000076f980000,0x000000076f980000)
  from space 9216K, 97% used [0x000000076fb00000,0x00000007703c4450,0x0000000770400000)
  to   space 11264K, 0% used [0x0000000770480000,0x0000000770480000,0x0000000770f80000)
 ParOldGen       total 173568K, used 1316K [0x00000006c3200000, 0x00000006cdb80000, 0x000000076bb80000)
  object space 173568K, 0% used [0x00000006c3200000,0x00000006c3349068,0x00000006cdb80000)
 Metaspace       used 19460K, capacity 20312K, committed 20608K, reserved 1067008K
  class space    used 2375K, capacity 2606K, committed 2688K, reserved 1048576K
Event: 238.468 GC heap after
Heap after GC invocations=6 (full 0):
 PSYoungGen      total 71680K, used 9046K [0x000000076bb80000, 0x0000000770e00000, 0x00000007c0000000)
  eden space 61952K, 0% used [0x000000076bb80000,0x000000076bb80000,0x000000076f800000)
  from space 9728K, 92% used [0x0000000770480000,0x0000000770d55888,0x0000000770e00000)
  to   space 11264K, 0% used [0x000000076f800000,0x000000076f800000,0x0000000770300000)
 ParOldGen       total 173568K, used 1324K [0x00000006c3200000, 0x00000006cdb80000, 0x000000076bb80000)
  object space 173568K, 0% used [0x00000006c3200000,0x00000006c334b068,0x00000006cdb80000)
 Metaspace       used 19460K, capacity 20312K, committed 20608K, reserved 1067008K
  class space    used 2375K, capacity 2606K, committed 2688K, reserved 1048576K
}

